<?xml version="1.0" encoding="UTF-8"?>
<!-- Generated by org.testng.reporters.JUnitReportReporter -->
<testsuite hostname="DESKTOP-RS19H7N" failures="0" tests="3" name="com.carbooking.gui.tests.negative.LoginNegativeTests" time="36.262" errors="0" timestamp="2026-03-25T18:04:38 CET" skipped="0">
  <testcase classname="com.carbooking.gui.tests.negative.LoginNegativeTests" name="loginWithInvalidPassword" time="13.431"/>
  <testcase classname="com.carbooking.gui.tests.negative.LoginNegativeTests" name="loginWithEmptyEmail" time="11.583"/>
  <testcase classname="com.carbooking.gui.tests.negative.LoginNegativeTests" name="loginWithInvalidEmailFormat" time="11.248"/>
</testsuite> <!-- com.carbooking.gui.tests.negative.LoginNegativeTests -->
